<?xml version="1.0" encoding="UTF-8"?>
<testsuite xmlns:xsi="http://www.w3.org/2001/XMLSchema-instance" xsi:noNamespaceSchemaLocation="https://maven.apache.org/surefire/maven-surefire-plugin/xsd/surefire-test-report-3.0.xsd" version="3.0" name="com.paykko.kyc.KycApplicationTests" time="16.216" tests="1" errors="0" skipped="0" failures="0">
  <properties>
[...]
</properties>
  <testcase name="contextLoads" classname="com.paykko.kyc.KycApplicationTests" time="1.319">
    <system-out><![CDATA[16:11:01.648 [main] INFO org.springframework.test.context.support.AnnotationConfigContextLoaderUtils -- Could not detect default configuration classes for test class [com.paykko.kyc.KycApplicationTests]: KycApplicationTests does not declare any static, non-private, non-final, nested classes annotated with @Configuration.
16:11:02.216 [main] INFO org.springframework.boot.test.context.SpringBootTestContextBootstrapper -- Found @SpringBootConfiguration com.paykko.kyc.KycApplication for test class com.paykko.kyc.KycApplicationTests
16:11:02.847 [main] INFO org.springframework.boot.devtools.restart.RestartApplicationListener -- Restart disabled due to context in which it is running

  .   ____          _            __ _ _
 /\\ / ___'_ __ _ _(_)_ __  __ _ \ \ \ \
( ( )\___ | '_ | '_| | '_ \/ _` | \ \ \ \
 \\/  ___)| |_)| | | | | || (_| |  ) ) ) )
  '  |____| .__|_| |_|_| |_\__, | / / / /
 =========|_|==============|___/=/_/_/_/

 :: Spring Boot ::               (v3.3.10)

2025-04-24T16:11:04.019+02:00  INFO 173092 --- [kyc] [           main] com.paykko.kyc.KycApplicationTests       : Starting KycApplicationTests using Java 21.0.7-ea with PID 173092 (started by edemdev in /home/edemdev/Gara/kyc)
2025-04-24T16:11:04.033+02:00  INFO 173092 --- [kyc] [           main] com.paykko.kyc.KycApplicationTests       : No active profile set, falling back to 1 default profile: "default"
2025-04-24T16:11:05.830+02:00  INFO 173092 --- [kyc] [           main] .s.d.r.c.RepositoryConfigurationDelegate : Bootstrapping Spring Data JPA repositories in DEFAULT mode.
2025-04-24T16:11:06.004+02:00  INFO 173092 --- [kyc] [           main] .s.d.r.c.RepositoryConfigurationDelegate : Finished Spring Data repository scanning in 153 ms. Found 1 JPA repository interface.
2025-04-24T16:11:07.103+02:00  INFO 173092 --- [kyc] [           main] o.hibernate.jpa.internal.util.LogHelper  : HHH000204: Processing PersistenceUnitInfo [name: default]
2025-04-24T16:11:07.284+02:00  INFO 173092 --- [kyc] [           main] org.hibernate.Version                    : HHH000412: Hibernate ORM core version 6.5.3.Final
2025-04-24T16:11:07.415+02:00  INFO 173092 --- [kyc] [           main] o.h.c.internal.RegionFactoryInitiator    : HHH000026: Second-level cache disabled
2025-04-24T16:11:08.445+02:00  INFO 173092 --- [kyc] [           main] o.s.o.j.p.SpringPersistenceUnitInfo      : No LoadTimeWeaver setup: ignoring JPA class transformer
2025-04-24T16:11:08.542+02:00  INFO 173092 --- [kyc] [           main] com.zaxxer.hikari.HikariDataSource       : HikariPool-1 - Starting...
2025-04-24T16:11:09.680+02:00  INFO 173092 --- [kyc] [           main] com.zaxxer.hikari.pool.HikariPool        : HikariPool-1 - Added connection org.postgresql.jdbc.PgConnection@5835e24a
2025-04-24T16:11:09.685+02:00  INFO 173092 --- [kyc] [           main] com.zaxxer.hikari.HikariDataSource       : HikariPool-1 - Start completed.
2025-04-24T16:11:09.767+02:00  WARN 173092 --- [kyc] [           main] org.hibernate.orm.deprecation            : HHH90000025: PostgreSQLDialect does not need to be specified explicitly using 'hibernate.dialect' (remove the property setting and it will be selected by default)
2025-04-24T16:11:12.351+02:00  INFO 173092 --- [kyc] [           main] o.h.e.t.j.p.i.JtaPlatformInitiator       : HHH000489: No JTA platform available (set 'hibernate.transaction.jta.platform' to enable JTA platform integration)
2025-04-24T16:11:12.484+02:00  INFO 173092 --- [kyc] [           main] j.LocalContainerEntityManagerFactoryBean : Initialized JPA EntityManagerFactory for persistence unit 'default'
2025-04-24T16:11:14.149+02:00  WARN 173092 --- [kyc] [           main] JpaBaseConfiguration$JpaWebConfiguration : spring.jpa.open-in-view is enabled by default. Therefore, database queries may be performed during view rendering. Explicitly configure spring.jpa.open-in-view to disable this warning
2025-04-24T16:11:15.711+02:00  INFO 173092 --- [kyc] [           main] com.paykko.kyc.KycApplicationTests       : Started KycApplicationTests in 12.921 seconds (process running for 16.786)
]]></system-out>
    <system-err><![CDATA[WARNING: A Java agent has been loaded dynamically (/home/edemdev/.m2/repository/net/bytebuddy/byte-buddy-agent/1.14.19/byte-buddy-agent-1.14.19.jar)
WARNING: If a serviceability tool is in use, please run with -XX:+EnableDynamicAgentLoading to hide this warning
WARNING: If a serviceability tool is not in use, please run with -Djdk.instrument.traceUsage for more information
WARNING: Dynamic loading of agents will be disallowed by default in a future release
]]></system-err>
  </testcase>
</testsuite>